app/build/intermediates/manifest_merge_blame_file/release/manifest-merger-blame-release-report.txt
1<?xml version="1.0" encoding="utf-8"?>
2<manifest xmlns:android="http://schemas.android.com/apk/res/android"
3    package="com.example.soc_macmini_15.musicplayer"
4    android:versionCode="1"
5    android:versionName="1.0" >
6
7    <uses-sdk
8        android:minSdkVersion="21"
8-->src\main\AndroidManifest.xml
9        android:targetSdkVersion="28" />
9-->src\main\AndroidManifest.xml
10
11    <uses-permission android:name="android.permission.WAKE_LOCK" />
11-->src\main\AndroidManifest.xml:5:5-68
11-->src\main\AndroidManifest.xml:5:22-65
12    <uses-permission android:name="android.permission.READ_EXTERNAL_STORAGE" />
12-->src\main\AndroidManifest.xml:6:5-80
12-->src\main\AndroidManifest.xml:6:22-77
13    <uses-permission android:name="android.permission.WRITE_EXTERNAL_STORAGE" />
13-->src\main\AndroidManifest.xml:7:5-81
13-->src\main\AndroidManifest.xml:7:22-78
14    <uses-permission android:name="android.permission.ACCESS_NETWORK_STATE" />
14-->src\main\AndroidManifest.xml:8:5-78
14-->src\main\AndroidManifest.xml:8:22-76
15
16    <application
16-->src\main\AndroidManifest.xml:10:5-53:19
17        android:allowBackup="true"
17-->src\main\AndroidManifest.xml:11:9-35
18        android:appComponentFactory="androidx.core.app.CoreComponentFactory"
18-->[androidx.core:core:1.1.0] AndroidManifest.xml:24:18-86
19        android:icon="@drawable/music"
19-->src\main\AndroidManifest.xml:12:9-39
20        android:label="@string/app_name"
20-->src\main\AndroidManifest.xml:13:9-41
21        android:roundIcon="@mipmap/ic_launcher_round"
21-->src\main\AndroidManifest.xml:14:9-54
22        android:supportsRtl="true"
22-->src\main\AndroidManifest.xml:15:9-35
23        android:theme="@style/AppTheme.NoActionBar" >
23-->src\main\AndroidManifest.xml:16:9-52
24        <activity
24-->src\main\AndroidManifest.xml:17:9-26:20
25            android:name="com.cmbk.seb.musicplayer.Activity.SplashScreenActivity"
25-->src\main\AndroidManifest.xml:17:19-88
26            android:launchMode="singleTop"
26-->src\main\AndroidManifest.xml:17:89-119
27            android:screenOrientation="portrait" >
27-->src\main\AndroidManifest.xml:18:13-49
28            <intent-filter>
28-->src\main\AndroidManifest.xml:19:13-24:29
29                <action android:name="android.intent.action.MAIN" />
29-->src\main\AndroidManifest.xml:20:17-69
29-->src\main\AndroidManifest.xml:20:25-66
30
31                <category android:name="android.intent.category.LAUNCHER" />
31-->src\main\AndroidManifest.xml:23:17-77
31-->src\main\AndroidManifest.xml:23:27-74
32            </intent-filter>
33        </activity>
34        <activity
34-->src\main\AndroidManifest.xml:27:9-28:51
35            android:name="com.cmbk.seb.musicplayer.Activity.PlaylistEditor"
35-->src\main\AndroidManifest.xml:27:19-82
36            android:launchMode="singleTop"
36-->src\main\AndroidManifest.xml:27:83-113
37            android:screenOrientation="portrait" />
37-->src\main\AndroidManifest.xml:28:13-49
38        <activity
38-->src\main\AndroidManifest.xml:29:9-30:52
39            android:name="com.cmbk.seb.musicplayer.Activity.PlaylistActivity"
39-->src\main\AndroidManifest.xml:29:19-84
40            android:launchMode="singleTop"
40-->src\main\AndroidManifest.xml:29:85-115
41            android:screenOrientation="portrait" />
41-->src\main\AndroidManifest.xml:30:13-49
42        <activity
42-->src\main\AndroidManifest.xml:31:9-32:51
43            android:name="com.cmbk.seb.musicplayer.Activity.ColorChooser"
43-->src\main\AndroidManifest.xml:31:19-80
44            android:launchMode="singleTop"
44-->src\main\AndroidManifest.xml:31:81-111
45            android:screenOrientation="portrait" />
45-->src\main\AndroidManifest.xml:32:13-49
46        <activity
46-->src\main\AndroidManifest.xml:33:9-48:20
47            android:name="com.cmbk.seb.musicplayer.Activity.MainActivity"
47-->src\main\AndroidManifest.xml:34:13-74
48            android:launchMode="singleTop"
48-->src\main\AndroidManifest.xml:35:13-43
49            android:screenOrientation="portrait"
49-->src\main\AndroidManifest.xml:36:13-49
50            android:theme="@style/AppTheme.NoActionBar" >
50-->src\main\AndroidManifest.xml:37:13-56
51            <intent-filter>
51-->src\main\AndroidManifest.xml:38:13-43:29
52                <action android:name="android.intent.action.RUN" />
52-->src\main\AndroidManifest.xml:40:17-68
52-->src\main\AndroidManifest.xml:40:25-65
53            </intent-filter>
54
55            <meta-data
55-->src\main\AndroidManifest.xml:45:13-47:54
56                android:name="android.app.searchable"
56-->src\main\AndroidManifest.xml:46:17-54
57                android:resource="@xml/searchable" />
57-->src\main\AndroidManifest.xml:47:17-51
58        </activity>
59
60        <receiver android:name="com.cmbk.seb.musicplayer.Activity.NotificationActionService" />
60-->src\main\AndroidManifest.xml:50:9-96
60-->src\main\AndroidManifest.xml:50:19-93
61
62        <service android:name="com.cmbk.seb.musicplayer.Activity.OnClearFromRecentService" />
62-->src\main\AndroidManifest.xml:52:9-94
62-->src\main\AndroidManifest.xml:52:18-91
63    </application>
64
65</manifest>